<?xml version="1.0" encoding="UTF-8"?>
<checkstyle version="8.39">
<file name="C:\Users\smith\OneDrive\Documents\INTERN\Cell\cellsuite\cellsuite\src\main\java\cellsuite\App.java">
</file>
<file name="C:\Users\smith\OneDrive\Documents\INTERN\Cell\cellsuite\cellsuite\src\test\java\pageObject\DashboardPage.java">
<error line="1" column="9" severity="error" message="Name &apos;pageObject&apos; must match pattern &apos;^[a-z]+(\.[a-z][a-z0-9]*)*$&apos;." source="com.puppycrawl.tools.checkstyle.checks.naming.PackageNameCheck"/>
<error line="5" column="1" severity="error" message="Extra separation in import group before &apos;org.openqa.selenium.WebDriver&apos;" source="com.puppycrawl.tools.checkstyle.checks.imports.ImportOrderCheck"/>
<error line="12" column="1" severity="error" message="Missing a Javadoc comment." source="com.puppycrawl.tools.checkstyle.checks.javadoc.MissingJavadocTypeCheck"/>
<error line="13" severity="error" message="Line has trailing spaces." source="com.puppycrawl.tools.checkstyle.checks.regexp.RegexpSinglelineCheck"/>
<error line="15" column="16" severity="error" message="Name &apos;btn_logout&apos; must match pattern &apos;^[a-z][a-zA-Z0-9]*$&apos;." source="com.puppycrawl.tools.checkstyle.checks.naming.MemberNameCheck"/>
<error line="15" column="16" severity="error" message="Variable &apos;btn_logout&apos; must be private and have accessor methods." source="com.puppycrawl.tools.checkstyle.checks.design.VisibilityModifierCheck"/>
<error line="17" column="5" severity="error" message="Missing a Javadoc comment." source="com.puppycrawl.tools.checkstyle.checks.javadoc.JavadocVariableCheck"/>
<error line="17" column="5" severity="error" message="Variable access definition in wrong order." source="com.puppycrawl.tools.checkstyle.checks.coding.DeclarationOrderCheck"/>
<error line="17" column="25" severity="error" message="Variable &apos;driver&apos; must be private and have accessor methods." source="com.puppycrawl.tools.checkstyle.checks.design.VisibilityModifierCheck"/>
<error line="18" column="5" severity="error" message="Missing a Javadoc comment." source="com.puppycrawl.tools.checkstyle.checks.javadoc.JavadocVariableCheck"/>
<error line="18" column="5" severity="error" message="Variable access definition in wrong order." source="com.puppycrawl.tools.checkstyle.checks.coding.DeclarationOrderCheck"/>
<error line="18" column="29" severity="error" message="Variable &apos;wait&apos; must be private and have accessor methods." source="com.puppycrawl.tools.checkstyle.checks.design.VisibilityModifierCheck"/>
<error line="20" column="5" severity="error" message="Missing a Javadoc comment." source="com.puppycrawl.tools.checkstyle.checks.javadoc.MissingJavadocMethodCheck"/>
<error line="20" column="43" severity="error" message="&apos;{&apos; is not preceded with whitespace." source="com.puppycrawl.tools.checkstyle.checks.whitespace.WhitespaceAroundCheck"/>
<error line="23" column="66" severity="error" message="&apos;10&apos; is a magic number." source="com.puppycrawl.tools.checkstyle.checks.coding.MagicNumberCheck"/>
<error line="27" column="36" severity="error" message="&apos;{&apos; is not preceded with whitespace." source="com.puppycrawl.tools.checkstyle.checks.whitespace.WhitespaceAroundCheck"/>
<error line="30" severity="error" message="Line has trailing spaces." source="com.puppycrawl.tools.checkstyle.checks.regexp.RegexpSinglelineCheck"/>
</file>
<file name="C:\Users\smith\OneDrive\Documents\INTERN\Cell\cellsuite\cellsuite\src\test\java\pageObject\LoginPage.java">
<error line="1" column="9" severity="error" message="Name &apos;pageObject&apos; must match pattern &apos;^[a-z]+(\.[a-z][a-z0-9]*)*$&apos;." source="com.puppycrawl.tools.checkstyle.checks.naming.PackageNameCheck"/>
<error line="5" column="1" severity="error" message="Extra separation in import group before &apos;org.openqa.selenium.WebDriver&apos;" source="com.puppycrawl.tools.checkstyle.checks.imports.ImportOrderCheck"/>
<error line="12" column="1" severity="error" message="Missing a Javadoc comment." source="com.puppycrawl.tools.checkstyle.checks.javadoc.MissingJavadocTypeCheck"/>
<error line="14" column="16" severity="error" message="Name &apos;txt_username&apos; must match pattern &apos;^[a-z][a-zA-Z0-9]*$&apos;." source="com.puppycrawl.tools.checkstyle.checks.naming.MemberNameCheck"/>
<error line="14" column="16" severity="error" message="Variable &apos;txt_username&apos; must be private and have accessor methods." source="com.puppycrawl.tools.checkstyle.checks.design.VisibilityModifierCheck"/>
<error line="16" column="16" severity="error" message="Name &apos;txt_password&apos; must match pattern &apos;^[a-z][a-zA-Z0-9]*$&apos;." source="com.puppycrawl.tools.checkstyle.checks.naming.MemberNameCheck"/>
<error line="16" column="16" severity="error" message="Variable &apos;txt_password&apos; must be private and have accessor methods." source="com.puppycrawl.tools.checkstyle.checks.design.VisibilityModifierCheck"/>
<error line="18" column="16" severity="error" message="Name &apos;btn_login&apos; must match pattern &apos;^[a-z][a-zA-Z0-9]*$&apos;." source="com.puppycrawl.tools.checkstyle.checks.naming.MemberNameCheck"/>
<error line="18" column="16" severity="error" message="Variable &apos;btn_login&apos; must be private and have accessor methods." source="com.puppycrawl.tools.checkstyle.checks.design.VisibilityModifierCheck"/>
<error line="20" column="5" severity="error" message="Missing a Javadoc comment." source="com.puppycrawl.tools.checkstyle.checks.javadoc.JavadocVariableCheck"/>
<error line="20" column="5" severity="error" message="Variable access definition in wrong order." source="com.puppycrawl.tools.checkstyle.checks.coding.DeclarationOrderCheck"/>
<error line="20" column="25" severity="error" message="Variable &apos;driver&apos; must be private and have accessor methods." source="com.puppycrawl.tools.checkstyle.checks.design.VisibilityModifierCheck"/>
<error line="21" column="5" severity="error" message="Missing a Javadoc comment." source="com.puppycrawl.tools.checkstyle.checks.javadoc.JavadocVariableCheck"/>
<error line="21" column="5" severity="error" message="Variable access definition in wrong order." source="com.puppycrawl.tools.checkstyle.checks.coding.DeclarationOrderCheck"/>
<error line="21" column="29" severity="error" message="Variable &apos;wait&apos; must be private and have accessor methods." source="com.puppycrawl.tools.checkstyle.checks.design.VisibilityModifierCheck"/>
<error line="23" column="5" severity="error" message="Missing a Javadoc comment." source="com.puppycrawl.tools.checkstyle.checks.javadoc.MissingJavadocMethodCheck"/>
<error line="26" column="66" severity="error" message="&apos;20&apos; is a magic number." source="com.puppycrawl.tools.checkstyle.checks.coding.MagicNumberCheck"/>
<error line="44" column="38" severity="error" message="&apos;{&apos; is not preceded with whitespace." source="com.puppycrawl.tools.checkstyle.checks.whitespace.WhitespaceAroundCheck"/>
</file>
<file name="C:\Users\smith\OneDrive\Documents\INTERN\Cell\cellsuite\cellsuite\src\test\java\stepDefinition\Steps.java">
<error line="1" column="9" severity="error" message="Name &apos;stepDefinition&apos; must match pattern &apos;^[a-z]+(\.[a-z][a-z0-9]*)*$&apos;." source="com.puppycrawl.tools.checkstyle.checks.naming.PackageNameCheck"/>
<error line="5" column="1" severity="error" message="Wrong order for &apos;java.time.Duration&apos; import." source="com.puppycrawl.tools.checkstyle.checks.imports.ImportOrderCheck"/>
<error line="7" column="1" severity="error" message="Extra separation in import group before &apos;org.openqa.selenium.WebDriver&apos;" source="com.puppycrawl.tools.checkstyle.checks.imports.ImportOrderCheck"/>
<error line="10" column="1" severity="error" message="Extra separation in import group before &apos;io.cucumber.java.After&apos;" source="com.puppycrawl.tools.checkstyle.checks.imports.ImportOrderCheck"/>
<error line="10" column="1" severity="error" message="Wrong order for &apos;io.cucumber.java.After&apos; import." source="com.puppycrawl.tools.checkstyle.checks.imports.ImportOrderCheck"/>
<error line="12" column="27" severity="error" message="Using the &apos;.*&apos; form of import should be avoided - io.cucumber.java.en.*." source="com.puppycrawl.tools.checkstyle.checks.imports.AvoidStarImportCheck"/>
<error line="17" column="1" severity="error" message="Missing a Javadoc comment." source="com.puppycrawl.tools.checkstyle.checks.javadoc.MissingJavadocTypeCheck"/>
<error line="18" column="15" severity="error" message="Variable &apos;driver&apos; explicitly initialized to &apos;null&apos; (default value for its type)." source="com.puppycrawl.tools.checkstyle.checks.coding.ExplicitInitializationCheck"/>
<error line="18" column="15" severity="error" message="Variable &apos;driver&apos; must be private and have accessor methods." source="com.puppycrawl.tools.checkstyle.checks.design.VisibilityModifierCheck"/>
<error line="19" severity="error" message="Line has trailing spaces." source="com.puppycrawl.tools.checkstyle.checks.regexp.RegexpSinglelineCheck"/>
<error line="20" column="15" severity="error" message="Variable &apos;loginPage&apos; must be private and have accessor methods." source="com.puppycrawl.tools.checkstyle.checks.design.VisibilityModifierCheck"/>
<error line="21" column="19" severity="error" message="Variable &apos;dashboardPage&apos; must be private and have accessor methods." source="com.puppycrawl.tools.checkstyle.checks.design.VisibilityModifierCheck"/>
<error line="24" column="31" severity="error" message="&apos;{&apos; is not preceded with whitespace." source="com.puppycrawl.tools.checkstyle.checks.whitespace.WhitespaceAroundCheck"/>
<error line="30" column="71" severity="error" message="&apos;30&apos; is a magic number." source="com.puppycrawl.tools.checkstyle.checks.coding.MagicNumberCheck"/>
<error line="31" column="70" severity="error" message="&apos;30&apos; is a magic number." source="com.puppycrawl.tools.checkstyle.checks.coding.MagicNumberCheck"/>
<error line="35" column="27" severity="error" message="&apos;{&apos; is not preceded with whitespace." source="com.puppycrawl.tools.checkstyle.checks.whitespace.WhitespaceAroundCheck"/>
<error line="39" severity="error" message="Line has trailing spaces." source="com.puppycrawl.tools.checkstyle.checks.regexp.RegexpSinglelineCheck"/>
<error line="41" column="5" severity="error" message="&apos;METHOD_DEF&apos; has more than 1 empty lines before." source="com.puppycrawl.tools.checkstyle.checks.whitespace.EmptyLineSeparatorCheck"/>
<error line="46" column="5" severity="error" message="&apos;METHOD_DEF&apos; should be separated from previous statement." source="com.puppycrawl.tools.checkstyle.checks.whitespace.EmptyLineSeparatorCheck"/>
<error line="48" severity="error" message="Line has trailing spaces." source="com.puppycrawl.tools.checkstyle.checks.regexp.RegexpSinglelineCheck"/>
<error line="50" column="5" severity="error" message="&apos;METHOD_DEF&apos; should be separated from previous statement." source="com.puppycrawl.tools.checkstyle.checks.whitespace.EmptyLineSeparatorCheck"/>
<error line="55" column="5" severity="error" message="&apos;METHOD_DEF&apos; should be separated from previous statement." source="com.puppycrawl.tools.checkstyle.checks.whitespace.EmptyLineSeparatorCheck"/>
<error line="60" column="5" severity="error" message="&apos;METHOD_DEF&apos; should be separated from previous statement." source="com.puppycrawl.tools.checkstyle.checks.whitespace.EmptyLineSeparatorCheck"/>
</file>
<file name="C:\Users\smith\OneDrive\Documents\INTERN\Cell\cellsuite\cellsuite\src\test\java\testRunner\TestRunner.java">
<error line="1" column="9" severity="error" message="Name &apos;testRunner&apos; must match pattern &apos;^[a-z]+(\.[a-z][a-z0-9]*)*$&apos;." source="com.puppycrawl.tools.checkstyle.checks.naming.PackageNameCheck"/>
<error line="5" column="1" severity="error" message="Extra separation in import group before &apos;io.cucumber.junit.Cucumber&apos;" source="com.puppycrawl.tools.checkstyle.checks.imports.ImportOrderCheck"/>
<error line="5" column="1" severity="error" message="Wrong order for &apos;io.cucumber.junit.Cucumber&apos; import." source="com.puppycrawl.tools.checkstyle.checks.imports.ImportOrderCheck"/>
<error line="8" column="1" severity="error" message="Missing a Javadoc comment." source="com.puppycrawl.tools.checkstyle.checks.javadoc.MissingJavadocTypeCheck"/>
<error line="19" severity="error" message="Line has trailing spaces." source="com.puppycrawl.tools.checkstyle.checks.regexp.RegexpSinglelineCheck"/>
</file>
<file name="C:\Users\smith\OneDrive\Documents\INTERN\Cell\cellsuite\cellsuite\src\test\resources\cucumber.properties">
</file>
<file name="C:\Users\smith\OneDrive\Documents\INTERN\Cell\cellsuite\cellsuite\src\test\resources\junit-platform.properties">
</file>
</checkstyle>
