-------------------------------------------------------------------------------
Test set: testRunner.TestRunner
-------------------------------------------------------------------------------
Tests run: 1, Failures: 0, Errors: 1, Skipped: 0, Time elapsed: 34.709 s <<< FAILURE! - in testRunner.TestRunner
CC-1080:Create new reagent.create new reagent item  Time elapsed: 21.16 s  <<< ERROR!
java.lang.NullPointerException: Cannot invoke "org.openqa.selenium.WebElement.click()" because "elementChoosen" is null

